# JRE version: Java(TM) SE Runtime Environment (8.0_121-b13) (build 1.8.0_121-b13)
# Java VM: Java HotSpot(TM) 64-Bit Server VM (25.121-b13 mixed mode windows-amd64 compressed oops)
Heap:
 PSYoungGen      total 117248K, used 115862K [0x00000000e0000000, 0x00000000e7e00000, 0x0000000100000000)
  eden space 110592K, 99% used [0x00000000e0000000,0x00000000e6bc2bd8,0x00000000e6c00000)
  from space 6656K, 82% used [0x00000000e7780000,0x00000000e7ce2ec8,0x00000000e7e00000)
  to   space 9216K, 74% used [0x00000000e6c00000,0x00000000e72b2358,0x00000000e7500000)
 ParOldGen       total 37376K, used 11306K [0x00000000a0000000, 0x00000000a2480000, 0x00000000e0000000)
  object space 37376K, 30% used [0x00000000a0000000,0x00000000a0b0aa48,0x00000000a2480000)
 Metaspace       used 34591K, capacity 35108K, committed 35456K, reserved 1079296K
  class space    used 4742K, capacity 4881K, committed 4992K, reserved 1048576K
GC Heap History (10 events):
Event: 3.386 GC heap after
Heap after GC invocations=5 (full 0):
 PSYoungGen      total 35328K, used 2544K [0x00000000e0000000, 0x00000000e5100000, 0x0000000100000000)
  eden space 32768K, 0% used [0x00000000e0000000,0x00000000e0000000,0x00000000e2000000)
  from space 2560K, 99% used [0x00000000e2000000,0x00000000e227c010,0x00000000e2280000)
  to   space 8704K, 0% used [0x00000000e4880000,0x00000000e4880000,0x00000000e5100000)
 ParOldGen       total 44032K, used 10068K [0x00000000a0000000, 0x00000000a2b00000, 0x00000000e0000000)
  object space 44032K, 22% used [0x00000000a0000000,0x00000000a09d5040,0x00000000a2b00000)
 Metaspace       used 18910K, capacity 19284K, committed 19456K, reserved 1067008K
  class space    used 2574K, capacity 2691K, committed 2816K, reserved 1048576K
}
Event: 3.844 GC heap before
{Heap before GC invocations=6 (full 0):
 PSYoungGen      total 35328K, used 22251K [0x00000000e0000000, 0x00000000e5100000, 0x0000000100000000)
  eden space 32768K, 60% used [0x00000000e0000000,0x00000000e133ee88,0x00000000e2000000)
  from space 2560K, 99% used [0x00000000e2000000,0x00000000e227c010,0x00000000e2280000)
  to   space 8704K, 0% used [0x00000000e4880000,0x00000000e4880000,0x00000000e5100000)
 ParOldGen       total 44032K, used 10068K [0x00000000a0000000, 0x00000000a2b00000, 0x00000000e0000000)
  object space 44032K, 22% used [0x00000000a0000000,0x00000000a09d5040,0x00000000a2b00000)
 Metaspace       used 20862K, capacity 21214K, committed 21296K, reserved 1067008K
  class space    used 2784K, capacity 2924K, committed 2944K, reserved 1048576K
Event: 3.969 GC heap after
Heap after GC invocations=6 (full 0):
 PSYoungGen      total 73216K, used 4935K [0x00000000e0000000, 0x00000000e5000000, 0x0000000100000000)
  eden space 65536K, 0% used [0x00000000e0000000,0x00000000e0000000,0x00000000e4000000)
  from space 7680K, 64% used [0x00000000e4880000,0x00000000e4d51dc8,0x00000000e5000000)
  to   space 8192K, 0% used [0x00000000e4000000,0x00000000e4000000,0x00000000e4800000)
 ParOldGen       total 44032K, used 10068K [0x00000000a0000000, 0x00000000a2b00000, 0x00000000e0000000)
  object space 44032K, 22% used [0x00000000a0000000,0x00000000a09d5040,0x00000000a2b00000)
 Metaspace       used 20862K, capacity 21214K, committed 21296K, reserved 1067008K
  class space    used 2784K, capacity 2924K, committed 2944K, reserved 1048576K
}
Event: 3.969 GC heap before
{Heap before GC invocations=7 (full 1):
 PSYoungGen      total 73216K, used 4935K [0x00000000e0000000, 0x00000000e5000000, 0x0000000100000000)
  eden space 65536K, 0% used [0x00000000e0000000,0x00000000e0000000,0x00000000e4000000)
  from space 7680K, 64% used [0x00000000e4880000,0x00000000e4d51dc8,0x00000000e5000000)
  to   space 8192K, 0% used [0x00000000e4000000,0x00000000e4000000,0x00000000e4800000)
 ParOldGen       total 44032K, used 10068K [0x00000000a0000000, 0x00000000a2b00000, 0x00000000e0000000)
  object space 44032K, 22% used [0x00000000a0000000,0x00000000a09d5040,0x00000000a2b00000)
 Metaspace       used 20862K, capacity 21214K, committed 21296K, reserved 1067008K
  class space    used 2784K, capacity 2924K, committed 2944K, reserved 1048576K
Event: 4.076 GC heap after
Heap after GC invocations=7 (full 1):
 PSYoungGen      total 73216K, used 0K [0x00000000e0000000, 0x00000000e5000000, 0x0000000100000000)
  eden space 65536K, 0% used [0x00000000e0000000,0x00000000e0000000,0x00000000e4000000)
  from space 7680K, 0% used [0x00000000e4880000,0x00000000e4880000,0x00000000e5000000)
  to   space 8192K, 0% used [0x00000000e4000000,0x00000000e4000000,0x00000000e4800000)
 ParOldGen       total 37376K, used 11218K [0x00000000a0000000, 0x00000000a2480000, 0x00000000e0000000)
  object space 37376K, 30% used [0x00000000a0000000,0x00000000a0af4a20,0x00000000a2480000)
 Metaspace       used 20862K, capacity 21214K, committed 21296K, reserved 1067008K
  class space    used 2784K, capacity 2924K, committed 2944K, reserved 1048576K
}
Event: 6.532 GC heap before
{Heap before GC invocations=8 (full 1):
 PSYoungGen      total 73216K, used 65536K [0x00000000e0000000, 0x00000000e5000000, 0x0000000100000000)
  eden space 65536K, 100% used [0x00000000e0000000,0x00000000e4000000,0x00000000e4000000)
  from space 7680K, 0% used [0x00000000e4880000,0x00000000e4880000,0x00000000e5000000)
  to   space 8192K, 0% used [0x00000000e4000000,0x00000000e4000000,0x00000000e4800000)
 ParOldGen       total 37376K, used 11218K [0x00000000a0000000, 0x00000000a2480000, 0x00000000e0000000)
  object space 37376K, 30% used [0x00000000a0000000,0x00000000a0af4a20,0x00000000a2480000)
 Metaspace       used 26035K, capacity 26548K, committed 26880K, reserved 1073152K
  class space    used 3654K, capacity 3778K, committed 3840K, reserved 1048576K
Event: 6.552 GC heap after
Heap after GC invocations=8 (full 1):
 PSYoungGen      total 73728K, used 7477K [0x00000000e0000000, 0x00000000e8080000, 0x0000000100000000)
  eden space 65536K, 0% used [0x00000000e0000000,0x00000000e0000000,0x00000000e4000000)
  from space 8192K, 91% used [0x00000000e4000000,0x00000000e474d448,0x00000000e4800000)
  to   space 9216K, 0% used [0x00000000e7780000,0x00000000e7780000,0x00000000e8080000)
 ParOldGen       total 37376K, used 11218K [0x00000000a0000000, 0x00000000a2480000, 0x00000000e0000000)
  object space 37376K, 30% used [0x00000000a0000000,0x00000000a0af4a20,0x00000000a2480000)
 Metaspace       used 26035K, capacity 26548K, committed 26880K, reserved 1073152K
  class space    used 3654K, capacity 3778K, committed 3840K, reserved 1048576K
}
Event: 7.616 GC heap before
{Heap before GC invocations=9 (full 1):
 PSYoungGen      total 73728K, used 73013K [0x00000000e0000000, 0x00000000e8080000, 0x0000000100000000)
  eden space 65536K, 100% used [0x00000000e0000000,0x00000000e4000000,0x00000000e4000000)
  from space 8192K, 91% used [0x00000000e4000000,0x00000000e474d448,0x00000000e4800000)
  to   space 9216K, 0% used [0x00000000e7780000,0x00000000e7780000,0x00000000e8080000)
 ParOldGen       total 37376K, used 11218K [0x00000000a0000000, 0x00000000a2480000, 0x00000000e0000000)
  object space 37376K, 30% used [0x00000000a0000000,0x00000000a0af4a20,0x00000000a2480000)
 Metaspace       used 28060K, capacity 28492K, committed 28672K, reserved 1073152K
  class space    used 3901K, capacity 4038K, committed 4096K, reserved 1048576K
Event: 7.632 GC heap after
Heap after GC invocations=9 (full 1):
 PSYoungGen      total 117248K, used 5515K [0x00000000e0000000, 0x00000000e7e00000, 0x0000000100000000)
  eden space 110592K, 0% used [0x00000000e0000000,0x00000000e0000000,0x00000000e6c00000)
  from space 6656K, 82% used [0x00000000e7780000,0x00000000e7ce2ec8,0x00000000e7e00000)
  to   space 9216K, 0% used [0x00000000e6c00000,0x00000000e6c00000,0x00000000e7500000)
 ParOldGen       total 37376K, used 11226K [0x00000000a0000000, 0x00000000a2480000, 0x00000000e0000000)
  object space 37376K, 30% used [0x00000000a0000000,0x00000000a0af6a20,0x00000000a2480000)
 Metaspace       used 28060K, capacity 28492K, committed 28672K, reserved 1073152K
  class space    used 3901K, capacity 4038K, committed 4096K, reserved 1048576K
}
Event: 10.032 GC heap before
{Heap before GC invocations=10 (full 1):
 PSYoungGen      total 117248K, used 115862K [0x00000000e0000000, 0x00000000e7e00000, 0x0000000100000000)
  eden space 110592K, 99% used [0x00000000e0000000,0x00000000e6bc2bd8,0x00000000e6c00000)
  from space 6656K, 82% used [0x00000000e7780000,0x00000000e7ce2ec8,0x00000000e7e00000)
  to   space 9216K, 0% used [0x00000000e6c00000,0x00000000e6c00000,0x00000000e7500000)
 ParOldGen       total 37376K, used 11226K [0x00000000a0000000, 0x00000000a2480000, 0x00000000e0000000)
  object space 37376K, 30% used [0x00000000a0000000,0x00000000a0af6a20,0x00000000a2480000)
 Metaspace       used 34591K, capacity 35108K, committed 35456K, reserved 1079296K
  class space    used 4742K, capacity 4881K, committed 4992K, reserved 1048576K

