# JRE version: Java(TM) SE Runtime Environment (8.0_121-b13) (build 1.8.0_121-b13)
# Java VM: Java HotSpot(TM) 64-Bit Server VM (25.121-b13 mixed mode windows-amd64 compressed oops)
Heap:
 PSYoungGen      total 73216K, used 16303K [0x00000000e0000000, 0x00000000e5000000, 0x0000000100000000)
  eden space 65536K, 24% used [0x00000000e0000000,0x00000000e0febf28,0x00000000e4000000)
  from space 7680K, 0% used [0x00000000e4880000,0x00000000e4880000,0x00000000e5000000)
  to   space 8192K, 0% used [0x00000000e4000000,0x00000000e4000000,0x00000000e4800000)
 ParOldGen       total 36864K, used 11164K [0x00000000a0000000, 0x00000000a2400000, 0x00000000e0000000)
  object space 36864K, 30% used [0x00000000a0000000,0x00000000a0ae73b8,0x00000000a2400000)
 Metaspace       used 22252K, capacity 22624K, committed 22912K, reserved 1069056K
  class space    used 3022K, capacity 3154K, committed 3200K, reserved 1048576K
GC Heap History (10 events):
Event: 1.997 GC heap before
{Heap before GC invocations=3 (full 0):
 PSYoungGen      total 18944K, used 18492K [0x00000000e0000000, 0x00000000e2500000, 0x0000000100000000)
  eden space 16384K, 100% used [0x00000000e0000000,0x00000000e1000000,0x00000000e1000000)
  from space 2560K, 82% used [0x00000000e1280000,0x00000000e148f2b0,0x00000000e1500000)
  to   space 2560K, 0% used [0x00000000e1000000,0x00000000e1000000,0x00000000e1280000)
 ParOldGen       total 44032K, used 520K [0x00000000a0000000, 0x00000000a2b00000, 0x00000000e0000000)
  object space 44032K, 1% used [0x00000000a0000000,0x00000000a0082210,0x00000000a2b00000)
 Metaspace       used 11355K, capacity 11762K, committed 11904K, reserved 1058816K
  class space    used 1489K, capacity 1595K, committed 1664K, reserved 1048576K
Event: 2.003 GC heap after
Heap after GC invocations=3 (full 0):
 PSYoungGen      total 18944K, used 2560K [0x00000000e0000000, 0x00000000e2500000, 0x0000000100000000)
  eden space 16384K, 0% used [0x00000000e0000000,0x00000000e0000000,0x00000000e1000000)
  from space 2560K, 100% used [0x00000000e1000000,0x00000000e1280000,0x00000000e1280000)
  to   space 2560K, 0% used [0x00000000e2280000,0x00000000e2280000,0x00000000e2500000)
 ParOldGen       total 44032K, used 2170K [0x00000000a0000000, 0x00000000a2b00000, 0x00000000e0000000)
  object space 44032K, 4% used [0x00000000a0000000,0x00000000a021eb10,0x00000000a2b00000)
 Metaspace       used 11355K, capacity 11762K, committed 11904K, reserved 1058816K
  class space    used 1489K, capacity 1595K, committed 1664K, reserved 1048576K
}
Event: 2.368 GC heap before
{Heap before GC invocations=4 (full 0):
 PSYoungGen      total 18944K, used 18944K [0x00000000e0000000, 0x00000000e2500000, 0x0000000100000000)
  eden space 16384K, 100% used [0x00000000e0000000,0x00000000e1000000,0x00000000e1000000)
  from space 2560K, 100% used [0x00000000e1000000,0x00000000e1280000,0x00000000e1280000)
  to   space 2560K, 0% used [0x00000000e2280000,0x00000000e2280000,0x00000000e2500000)
 ParOldGen       total 44032K, used 2170K [0x00000000a0000000, 0x00000000a2b00000, 0x00000000e0000000)
  object space 44032K, 4% used [0x00000000a0000000,0x00000000a021eb10,0x00000000a2b00000)
 Metaspace       used 13049K, capacity 13406K, committed 13696K, reserved 1060864K
  class space    used 1783K, capacity 1885K, committed 1920K, reserved 1048576K
Event: 2.377 GC heap after
Heap after GC invocations=4 (full 0):
 PSYoungGen      total 35328K, used 2528K [0x00000000e0000000, 0x00000000e2500000, 0x0000000100000000)
  eden space 32768K, 0% used [0x00000000e0000000,0x00000000e0000000,0x00000000e2000000)
  from space 2560K, 98% used [0x00000000e2280000,0x00000000e24f8040,0x00000000e2500000)
  to   space 2560K, 0% used [0x00000000e2000000,0x00000000e2000000,0x00000000e2280000)
 ParOldGen       total 44032K, used 4112K [0x00000000a0000000, 0x00000000a2b00000, 0x00000000e0000000)
  object space 44032K, 9% used [0x00000000a0000000,0x00000000a0404328,0x00000000a2b00000)
 Metaspace       used 13049K, capacity 13406K, committed 13696K, reserved 1060864K
  class space    used 1783K, capacity 1885K, committed 1920K, reserved 1048576K
}
Event: 3.673 GC heap before
{Heap before GC invocations=5 (full 0):
 PSYoungGen      total 35328K, used 35296K [0x00000000e0000000, 0x00000000e2500000, 0x0000000100000000)
  eden space 32768K, 100% used [0x00000000e0000000,0x00000000e2000000,0x00000000e2000000)
  from space 2560K, 98% used [0x00000000e2280000,0x00000000e24f8040,0x00000000e2500000)
  to   space 2560K, 0% used [0x00000000e2000000,0x00000000e2000000,0x00000000e2280000)
 ParOldGen       total 44032K, used 4112K [0x00000000a0000000, 0x00000000a2b00000, 0x00000000e0000000)
  object space 44032K, 9% used [0x00000000a0000000,0x00000000a0404328,0x00000000a2b00000)
 Metaspace       used 18919K, capacity 19292K, committed 19712K, reserved 1067008K
  class space    used 2573K, capacity 2691K, committed 2816K, reserved 1048576K
Event: 4.340 GC heap after
Heap after GC invocations=5 (full 0):
 PSYoungGen      total 35328K, used 2528K [0x00000000e0000000, 0x00000000e5100000, 0x0000000100000000)
  eden space 32768K, 0% used [0x00000000e0000000,0x00000000e0000000,0x00000000e2000000)
  from space 2560K, 98% used [0x00000000e2000000,0x00000000e2278020,0x00000000e2280000)
  to   space 8704K, 0% used [0x00000000e4880000,0x00000000e4880000,0x00000000e5100000)
 ParOldGen       total 44032K, used 10128K [0x00000000a0000000, 0x00000000a2b00000, 0x00000000e0000000)
  object space 44032K, 23% used [0x00000000a0000000,0x00000000a09e43b0,0x00000000a2b00000)
 Metaspace       used 18919K, capacity 19292K, committed 19712K, reserved 1067008K
  class space    used 2573K, capacity 2691K, committed 2816K, reserved 1048576K
}
Event: 4.892 GC heap before
{Heap before GC invocations=6 (full 0):
 PSYoungGen      total 35328K, used 22101K [0x00000000e0000000, 0x00000000e5100000, 0x0000000100000000)
  eden space 32768K, 59% used [0x00000000e0000000,0x00000000e131d4a0,0x00000000e2000000)
  from space 2560K, 98% used [0x00000000e2000000,0x00000000e2278020,0x00000000e2280000)
  to   space 8704K, 0% used [0x00000000e4880000,0x00000000e4880000,0x00000000e5100000)
 ParOldGen       total 44032K, used 10128K [0x00000000a0000000, 0x00000000a2b00000, 0x00000000e0000000)
  object space 44032K, 23% used [0x00000000a0000000,0x00000000a09e43b0,0x00000000a2b00000)
 Metaspace       used 20786K, capacity 21158K, committed 21296K, reserved 1067008K
  class space    used 2771K, capacity 2924K, committed 2944K, reserved 1048576K
Event: 5.134 GC heap after
Heap after GC invocations=6 (full 0):
 PSYoungGen      total 73216K, used 4787K [0x00000000e0000000, 0x00000000e5000000, 0x0000000100000000)
  eden space 65536K, 0% used [0x00000000e0000000,0x00000000e0000000,0x00000000e4000000)
  from space 7680K, 62% used [0x00000000e4880000,0x00000000e4d2cf58,0x00000000e5000000)
  to   space 8192K, 0% used [0x00000000e4000000,0x00000000e4000000,0x00000000e4800000)
 ParOldGen       total 44032K, used 10128K [0x00000000a0000000, 0x00000000a2b00000, 0x00000000e0000000)
  object space 44032K, 23% used [0x00000000a0000000,0x00000000a09e43b0,0x00000000a2b00000)
 Metaspace       used 20786K, capacity 21158K, committed 21296K, reserved 1067008K
  class space    used 2771K, capacity 2924K, committed 2944K, reserved 1048576K
}
Event: 5.134 GC heap before
{Heap before GC invocations=7 (full 1):
 PSYoungGen      total 73216K, used 4787K [0x00000000e0000000, 0x00000000e5000000, 0x0000000100000000)
  eden space 65536K, 0% used [0x00000000e0000000,0x00000000e0000000,0x00000000e4000000)
  from space 7680K, 62% used [0x00000000e4880000,0x00000000e4d2cf58,0x00000000e5000000)
  to   space 8192K, 0% used [0x00000000e4000000,0x00000000e4000000,0x00000000e4800000)
 ParOldGen       total 44032K, used 10128K [0x00000000a0000000, 0x00000000a2b00000, 0x00000000e0000000)
  object space 44032K, 23% used [0x00000000a0000000,0x00000000a09e43b0,0x00000000a2b00000)
 Metaspace       used 20786K, capacity 21158K, committed 21296K, reserved 1067008K
  class space    used 2771K, capacity 2924K, committed 2944K, reserved 1048576K
Event: 5.395 GC heap after
Heap after GC invocations=7 (full 1):
 PSYoungGen      total 73216K, used 0K [0x00000000e0000000, 0x00000000e5000000, 0x0000000100000000)
  eden space 65536K, 0% used [0x00000000e0000000,0x00000000e0000000,0x00000000e4000000)
  from space 7680K, 0% used [0x00000000e4880000,0x00000000e4880000,0x00000000e5000000)
  to   space 8192K, 0% used [0x00000000e4000000,0x00000000e4000000,0x00000000e4800000)
 ParOldGen       total 36864K, used 11164K [0x00000000a0000000, 0x00000000a2400000, 0x00000000e0000000)
  object space 36864K, 30% used [0x00000000a0000000,0x00000000a0ae73b8,0x00000000a2400000)
 Metaspace       used 20786K, capacity 21158K, committed 21296K, reserved 1067008K
  class space    used 2771K, capacity 2924K, committed 2944K, reserved 1048576K
}

