# JRE version: Java(TM) SE Runtime Environment (8.0_121-b13) (build 1.8.0_121-b13)
# Java VM: Java HotSpot(TM) 64-Bit Server VM (25.121-b13 mixed mode windows-amd64 compressed oops)
Heap:
 PSYoungGen      total 103936K, used 66803K [0x00000000e0000000, 0x00000000e7100000, 0x0000000100000000)
  eden space 98304K, 62% used [0x00000000e0000000,0x00000000e3c3bfa8,0x00000000e6000000)
  from space 5632K, 90% used [0x00000000e6b80000,0x00000000e7080fe8,0x00000000e7100000)
  to   space 8704K, 0% used [0x00000000e6000000,0x00000000e6000000,0x00000000e6880000)
 ParOldGen       total 40448K, used 11336K [0x00000000a0000000, 0x00000000a2780000, 0x00000000e0000000)
  object space 40448K, 28% used [0x00000000a0000000,0x00000000a0b12138,0x00000000a2780000)
 Metaspace       used 32306K, capacity 32864K, committed 33152K, reserved 1077248K
  class space    used 4472K, capacity 4647K, committed 4736K, reserved 1048576K
GC Heap History (10 events):
Event: 3.501 GC heap before
{Heap before GC invocations=5 (full 0):
 PSYoungGen      total 35328K, used 35327K [0x00000000e0000000, 0x00000000e2500000, 0x0000000100000000)
  eden space 32768K, 100% used [0x00000000e0000000,0x00000000e2000000,0x00000000e2000000)
  from space 2560K, 99% used [0x00000000e2280000,0x00000000e24ffc10,0x00000000e2500000)
  to   space 2560K, 0% used [0x00000000e2000000,0x00000000e2000000,0x00000000e2280000)
 ParOldGen       total 44032K, used 4127K [0x00000000a0000000, 0x00000000a2b00000, 0x00000000e0000000)
  object space 44032K, 9% used [0x00000000a0000000,0x00000000a0407fb8,0x00000000a2b00000)
 Metaspace       used 18882K, capacity 19230K, committed 19456K, reserved 1067008K
  class space    used 2575K, capacity 2693K, committed 2816K, reserved 1048576K
Event: 3.539 GC heap after
Heap after GC invocations=5 (full 0):
 PSYoungGen      total 35328K, used 2544K [0x00000000e0000000, 0x00000000e5100000, 0x0000000100000000)
  eden space 32768K, 0% used [0x00000000e0000000,0x00000000e0000000,0x00000000e2000000)
  from space 2560K, 99% used [0x00000000e2000000,0x00000000e227c010,0x00000000e2280000)
  to   space 8704K, 0% used [0x00000000e4880000,0x00000000e4880000,0x00000000e5100000)
 ParOldGen       total 44032K, used 10363K [0x00000000a0000000, 0x00000000a2b00000, 0x00000000e0000000)
  object space 44032K, 23% used [0x00000000a0000000,0x00000000a0a1ef80,0x00000000a2b00000)
 Metaspace       used 18882K, capacity 19230K, committed 19456K, reserved 1067008K
  class space    used 2575K, capacity 2693K, committed 2816K, reserved 1048576K
}
Event: 4.081 GC heap before
{Heap before GC invocations=6 (full 0):
 PSYoungGen      total 35328K, used 22491K [0x00000000e0000000, 0x00000000e5100000, 0x0000000100000000)
  eden space 32768K, 60% used [0x00000000e0000000,0x00000000e137ae68,0x00000000e2000000)
  from space 2560K, 99% used [0x00000000e2000000,0x00000000e227c010,0x00000000e2280000)
  to   space 8704K, 0% used [0x00000000e4880000,0x00000000e4880000,0x00000000e5100000)
 ParOldGen       total 44032K, used 10363K [0x00000000a0000000, 0x00000000a2b00000, 0x00000000e0000000)
  object space 44032K, 23% used [0x00000000a0000000,0x00000000a0a1ef80,0x00000000a2b00000)
 Metaspace       used 20872K, capacity 21218K, committed 21296K, reserved 1067008K
  class space    used 2792K, capacity 2924K, committed 2944K, reserved 1048576K
Event: 4.095 GC heap after
Heap after GC invocations=6 (full 0):
 PSYoungGen      total 73216K, used 4777K [0x00000000e0000000, 0x00000000e5000000, 0x0000000100000000)
  eden space 65536K, 0% used [0x00000000e0000000,0x00000000e0000000,0x00000000e4000000)
  from space 7680K, 62% used [0x00000000e4880000,0x00000000e4d2a5a0,0x00000000e5000000)
  to   space 8192K, 0% used [0x00000000e4000000,0x00000000e4000000,0x00000000e4800000)
 ParOldGen       total 44032K, used 10363K [0x00000000a0000000, 0x00000000a2b00000, 0x00000000e0000000)
  object space 44032K, 23% used [0x00000000a0000000,0x00000000a0a1ef80,0x00000000a2b00000)
 Metaspace       used 20872K, capacity 21218K, committed 21296K, reserved 1067008K
  class space    used 2792K, capacity 2924K, committed 2944K, reserved 1048576K
}
Event: 4.095 GC heap before
{Heap before GC invocations=7 (full 1):
 PSYoungGen      total 73216K, used 4777K [0x00000000e0000000, 0x00000000e5000000, 0x0000000100000000)
  eden space 65536K, 0% used [0x00000000e0000000,0x00000000e0000000,0x00000000e4000000)
  from space 7680K, 62% used [0x00000000e4880000,0x00000000e4d2a5a0,0x00000000e5000000)
  to   space 8192K, 0% used [0x00000000e4000000,0x00000000e4000000,0x00000000e4800000)
 ParOldGen       total 44032K, used 10363K [0x00000000a0000000, 0x00000000a2b00000, 0x00000000e0000000)
  object space 44032K, 23% used [0x00000000a0000000,0x00000000a0a1ef80,0x00000000a2b00000)
 Metaspace       used 20872K, capacity 21218K, committed 21296K, reserved 1067008K
  class space    used 2792K, capacity 2924K, committed 2944K, reserved 1048576K
Event: 4.189 GC heap after
Heap after GC invocations=7 (full 1):
 PSYoungGen      total 73216K, used 0K [0x00000000e0000000, 0x00000000e5000000, 0x0000000100000000)
  eden space 65536K, 0% used [0x00000000e0000000,0x00000000e0000000,0x00000000e4000000)
  from space 7680K, 0% used [0x00000000e4880000,0x00000000e4880000,0x00000000e5000000)
  to   space 8192K, 0% used [0x00000000e4000000,0x00000000e4000000,0x00000000e4800000)
 ParOldGen       total 40448K, used 11320K [0x00000000a0000000, 0x00000000a2780000, 0x00000000e0000000)
  object space 40448K, 27% used [0x00000000a0000000,0x00000000a0b0e120,0x00000000a2780000)
 Metaspace       used 20872K, capacity 21218K, committed 21296K, reserved 1067008K
  class space    used 2792K, capacity 2924K, committed 2944K, reserved 1048576K
}
Event: 5.653 GC heap before
{Heap before GC invocations=8 (full 1):
 PSYoungGen      total 73216K, used 65536K [0x00000000e0000000, 0x00000000e5000000, 0x0000000100000000)
  eden space 65536K, 100% used [0x00000000e0000000,0x00000000e4000000,0x00000000e4000000)
  from space 7680K, 0% used [0x00000000e4880000,0x00000000e4880000,0x00000000e5000000)
  to   space 8192K, 0% used [0x00000000e4000000,0x00000000e4000000,0x00000000e4800000)
 ParOldGen       total 40448K, used 11320K [0x00000000a0000000, 0x00000000a2780000, 0x00000000e0000000)
  object space 40448K, 27% used [0x00000000a0000000,0x00000000a0b0e120,0x00000000a2780000)
 Metaspace       used 26075K, capacity 26552K, committed 26880K, reserved 1073152K
  class space    used 3670K, capacity 3778K, committed 3840K, reserved 1048576K
Event: 5.677 GC heap after
Heap after GC invocations=8 (full 1):
 PSYoungGen      total 73728K, used 7555K [0x00000000e0000000, 0x00000000e7480000, 0x0000000100000000)
  eden space 65536K, 0% used [0x00000000e0000000,0x00000000e0000000,0x00000000e4000000)
  from space 8192K, 92% used [0x00000000e4000000,0x00000000e4760f78,0x00000000e4800000)
  to   space 9216K, 0% used [0x00000000e6b80000,0x00000000e6b80000,0x00000000e7480000)
 ParOldGen       total 40448K, used 11320K [0x00000000a0000000, 0x00000000a2780000, 0x00000000e0000000)
  object space 40448K, 27% used [0x00000000a0000000,0x00000000a0b0e120,0x00000000a2780000)
 Metaspace       used 26075K, capacity 26552K, committed 26880K, reserved 1073152K
  class space    used 3670K, capacity 3778K, committed 3840K, reserved 1048576K
}
Event: 6.843 GC heap before
{Heap before GC invocations=9 (full 1):
 PSYoungGen      total 73728K, used 73091K [0x00000000e0000000, 0x00000000e7480000, 0x0000000100000000)
  eden space 65536K, 100% used [0x00000000e0000000,0x00000000e4000000,0x00000000e4000000)
  from space 8192K, 92% used [0x00000000e4000000,0x00000000e4760f78,0x00000000e4800000)
  to   space 9216K, 0% used [0x00000000e6b80000,0x00000000e6b80000,0x00000000e7480000)
 ParOldGen       total 40448K, used 11320K [0x00000000a0000000, 0x00000000a2780000, 0x00000000e0000000)
  object space 40448K, 27% used [0x00000000a0000000,0x00000000a0b0e120,0x00000000a2780000)
 Metaspace       used 28000K, capacity 28432K, committed 28672K, reserved 1073152K
  class space    used 3898K, capacity 4038K, committed 4096K, reserved 1048576K
Event: 6.858 GC heap after
Heap after GC invocations=9 (full 1):
 PSYoungGen      total 103936K, used 5123K [0x00000000e0000000, 0x00000000e7100000, 0x0000000100000000)
  eden space 98304K, 0% used [0x00000000e0000000,0x00000000e0000000,0x00000000e6000000)
  from space 5632K, 90% used [0x00000000e6b80000,0x00000000e7080fe8,0x00000000e7100000)
  to   space 8704K, 0% used [0x00000000e6000000,0x00000000e6000000,0x00000000e6880000)
 ParOldGen       total 40448K, used 11336K [0x00000000a0000000, 0x00000000a2780000, 0x00000000e0000000)
  object space 40448K, 28% used [0x00000000a0000000,0x00000000a0b12138,0x00000000a2780000)
 Metaspace       used 28000K, capacity 28432K, committed 28672K, reserved 1073152K
  class space    used 3898K, capacity 4038K, committed 4096K, reserved 1048576K
}

