# JRE version: Java(TM) SE Runtime Environment (8.0_121-b13) (build 1.8.0_121-b13)
# Java VM: Java HotSpot(TM) 64-Bit Server VM (25.121-b13 mixed mode windows-amd64 compressed oops)
Heap:
 PSYoungGen      total 485376K, used 105326K [0x00000000e0000000, 0x00000000ff700000, 0x0000000100000000)
  eden space 472064K, 20% used [0x00000000e0000000,0x00000000e5d8bb28,0x00000000fcd00000)
  from space 13312K, 71% used [0x00000000fea00000,0x00000000ff34fd08,0x00000000ff700000)
  to   space 21504K, 0% used [0x00000000fcd00000,0x00000000fcd00000,0x00000000fe200000)
 ParOldGen       total 81920K, used 42135K [0x00000000a0000000, 0x00000000a5000000, 0x00000000e0000000)
  object space 81920K, 51% used [0x00000000a0000000,0x00000000a2925fe8,0x00000000a5000000)
 Metaspace       used 62836K, capacity 65398K, committed 66304K, reserved 1105920K
  class space    used 8397K, capacity 8889K, committed 9216K, reserved 1048576K
GC Heap History (10 events):
Event: 353.088 GC heap before
{Heap before GC invocations=14 (full 4):
 PSYoungGen      total 338944K, used 142867K [0x00000000e0000000, 0x00000000f6e80000, 0x0000000100000000)
  eden space 321024K, 44% used [0x00000000e0000000,0x00000000e8b84e18,0x00000000f3980000)
  from space 17920K, 0% used [0x00000000f5100000,0x00000000f5100000,0x00000000f6280000)
  to   space 24064K, 0% used [0x00000000f3980000,0x00000000f3980000,0x00000000f5100000)
 ParOldGen       total 45568K, used 45486K [0x00000000a0000000, 0x00000000a2c80000, 0x00000000e0000000)
  object space 45568K, 99% used [0x00000000a0000000,0x00000000a2c6b818,0x00000000a2c80000)
 Metaspace       used 53762K, capacity 56058K, committed 56192K, reserved 1097728K
  class space    used 7447K, capacity 7989K, committed 8064K, reserved 1048576K
Event: 353.548 GC heap after
Heap after GC invocations=14 (full 4):
 PSYoungGen      total 338944K, used 0K [0x00000000e0000000, 0x00000000f6e80000, 0x0000000100000000)
  eden space 321024K, 0% used [0x00000000e0000000,0x00000000e0000000,0x00000000f3980000)
  from space 17920K, 0% used [0x00000000f5100000,0x00000000f5100000,0x00000000f6280000)
  to   space 24064K, 0% used [0x00000000f3980000,0x00000000f3980000,0x00000000f5100000)
 ParOldGen       total 45568K, used 45222K [0x00000000a0000000, 0x00000000a2c80000, 0x00000000e0000000)
  object space 45568K, 99% used [0x00000000a0000000,0x00000000a2c298a0,0x00000000a2c80000)
 Metaspace       used 53762K, capacity 56058K, committed 56192K, reserved 1097728K
  class space    used 7447K, capacity 7989K, committed 8064K, reserved 1048576K
}
Event: 1747.663 GC heap before
{Heap before GC invocations=15 (full 5):
 PSYoungGen      total 338944K, used 321024K [0x00000000e0000000, 0x00000000f6e80000, 0x0000000100000000)
  eden space 321024K, 100% used [0x00000000e0000000,0x00000000f3980000,0x00000000f3980000)
  from space 17920K, 0% used [0x00000000f5100000,0x00000000f5100000,0x00000000f6280000)
  to   space 24064K, 0% used [0x00000000f3980000,0x00000000f3980000,0x00000000f5100000)
 ParOldGen       total 45568K, used 45222K [0x00000000a0000000, 0x00000000a2c80000, 0x00000000e0000000)
  object space 45568K, 99% used [0x00000000a0000000,0x00000000a2c298a0,0x00000000a2c80000)
 Metaspace       used 61178K, capacity 63788K, committed 64000K, reserved 1103872K
  class space    used 8329K, capacity 8888K, committed 8960K, reserved 1048576K
Event: 1748.221 GC heap after
Heap after GC invocations=15 (full 5):
 PSYoungGen      total 338944K, used 9255K [0x00000000e0000000, 0x00000000f6e80000, 0x0000000100000000)
  eden space 321024K, 2% used [0x00000000e0000000,0x00000000e0909c20,0x00000000f3980000)
  from space 17920K, 0% used [0x00000000f5100000,0x00000000f5100000,0x00000000f6280000)
  to   space 24064K, 0% used [0x00000000f3980000,0x00000000f3980000,0x00000000f5100000)
 ParOldGen       total 81920K, used 45501K [0x00000000a0000000, 0x00000000a5000000, 0x00000000e0000000)
  object space 81920K, 55% used [0x00000000a0000000,0x00000000a2c6f5c0,0x00000000a5000000)
 Metaspace       used 61150K, capacity 63694K, committed 64000K, reserved 1103872K
  class space    used 8320K, capacity 8879K, committed 8960K, reserved 1048576K
}
Event: 1749.167 GC heap before
{Heap before GC invocations=16 (full 5):
 PSYoungGen      total 338944K, used 62586K [0x00000000e0000000, 0x00000000f6e80000, 0x0000000100000000)
  eden space 321024K, 19% used [0x00000000e0000000,0x00000000e3d1ebc0,0x00000000f3980000)
  from space 17920K, 0% used [0x00000000f5100000,0x00000000f5100000,0x00000000f6280000)
  to   space 24064K, 0% used [0x00000000f3980000,0x00000000f3980000,0x00000000f5100000)
 ParOldGen       total 81920K, used 45501K [0x00000000a0000000, 0x00000000a5000000, 0x00000000e0000000)
  object space 81920K, 55% used [0x00000000a0000000,0x00000000a2c6f5c0,0x00000000a5000000)
 Metaspace       used 62145K, capacity 64990K, committed 65280K, reserved 1105920K
  class space    used 8479K, capacity 9111K, committed 9216K, reserved 1048576K
Event: 1749.197 GC heap after
Heap after GC invocations=16 (full 5):
 PSYoungGen      total 345088K, used 8895K [0x00000000e0000000, 0x0000000100000000, 0x0000000100000000)
  eden space 321024K, 0% used [0x00000000e0000000,0x00000000e0000000,0x00000000f3980000)
  from space 24064K, 36% used [0x00000000f3980000,0x00000000f422fdf8,0x00000000f5100000)
  to   space 22528K, 0% used [0x00000000fea00000,0x00000000fea00000,0x0000000100000000)
 ParOldGen       total 81920K, used 45509K [0x00000000a0000000, 0x00000000a5000000, 0x00000000e0000000)
  object space 81920K, 55% used [0x00000000a0000000,0x00000000a2c715c0,0x00000000a5000000)
 Metaspace       used 62145K, capacity 64990K, committed 65280K, reserved 1105920K
  class space    used 8479K, capacity 9111K, committed 9216K, reserved 1048576K
}
Event: 1749.197 GC heap before
{Heap before GC invocations=17 (full 6):
 PSYoungGen      total 345088K, used 8895K [0x00000000e0000000, 0x0000000100000000, 0x0000000100000000)
  eden space 321024K, 0% used [0x00000000e0000000,0x00000000e0000000,0x00000000f3980000)
  from space 24064K, 36% used [0x00000000f3980000,0x00000000f422fdf8,0x00000000f5100000)
  to   space 22528K, 0% used [0x00000000fea00000,0x00000000fea00000,0x0000000100000000)
 ParOldGen       total 81920K, used 45509K [0x00000000a0000000, 0x00000000a5000000, 0x00000000e0000000)
  object space 81920K, 55% used [0x00000000a0000000,0x00000000a2c715c0,0x00000000a5000000)
 Metaspace       used 62145K, capacity 64990K, committed 65280K, reserved 1105920K
  class space    used 8479K, capacity 9111K, committed 9216K, reserved 1048576K
Event: 1749.641 GC heap after
Heap after GC invocations=17 (full 6):
 PSYoungGen      total 345088K, used 0K [0x00000000e0000000, 0x0000000100000000, 0x0000000100000000)
  eden space 321024K, 0% used [0x00000000e0000000,0x00000000e0000000,0x00000000f3980000)
  from space 24064K, 0% used [0x00000000f3980000,0x00000000f3980000,0x00000000f5100000)
  to   space 22528K, 0% used [0x00000000fea00000,0x00000000fea00000,0x0000000100000000)
 ParOldGen       total 81920K, used 42127K [0x00000000a0000000, 0x00000000a5000000, 0x00000000e0000000)
  object space 81920K, 51% used [0x00000000a0000000,0x00000000a2923fe8,0x00000000a5000000)
 Metaspace       used 61036K, capacity 63392K, committed 65280K, reserved 1105920K
  class space    used 8263K, capacity 8750K, committed 9216K, reserved 1048576K
}
Event: 1777.990 GC heap before
{Heap before GC invocations=18 (full 6):
 PSYoungGen      total 345088K, used 321024K [0x00000000e0000000, 0x0000000100000000, 0x0000000100000000)
  eden space 321024K, 100% used [0x00000000e0000000,0x00000000f3980000,0x00000000f3980000)
  from space 24064K, 0% used [0x00000000f3980000,0x00000000f3980000,0x00000000f5100000)
  to   space 22528K, 0% used [0x00000000fea00000,0x00000000fea00000,0x0000000100000000)
 ParOldGen       total 81920K, used 42127K [0x00000000a0000000, 0x00000000a5000000, 0x00000000e0000000)
  object space 81920K, 51% used [0x00000000a0000000,0x00000000a2923fe8,0x00000000a5000000)
 Metaspace       used 62325K, capacity 64886K, committed 65792K, reserved 1105920K
  class space    used 8365K, capacity 8889K, committed 9216K, reserved 1048576K
Event: 1778.013 GC heap after
Heap after GC invocations=18 (full 6):
 PSYoungGen      total 485376K, used 9535K [0x00000000e0000000, 0x00000000ff700000, 0x0000000100000000)
  eden space 472064K, 0% used [0x00000000e0000000,0x00000000e0000000,0x00000000fcd00000)
  from space 13312K, 71% used [0x00000000fea00000,0x00000000ff34fd08,0x00000000ff700000)
  to   space 21504K, 0% used [0x00000000fcd00000,0x00000000fcd00000,0x00000000fe200000)
 ParOldGen       total 81920K, used 42135K [0x00000000a0000000, 0x00000000a5000000, 0x00000000e0000000)
  object space 81920K, 51% used [0x00000000a0000000,0x00000000a2925fe8,0x00000000a5000000)
 Metaspace       used 62325K, capacity 64886K, committed 65792K, reserved 1105920K
  class space    used 8365K, capacity 8889K, committed 9216K, reserved 1048576K
}

