# JRE version: Java(TM) SE Runtime Environment (8.0_121-b13) (build 1.8.0_121-b13)
# Java VM: Java HotSpot(TM) 64-Bit Server VM (25.121-b13 mixed mode windows-amd64 compressed oops)
Heap:
 PSYoungGen      total 73216K, used 31731K [0x00000000e0000000, 0x00000000e4f00000, 0x0000000100000000)
  eden space 66560K, 44% used [0x00000000e0000000,0x00000000e1d3cdb8,0x00000000e4100000)
  from space 6656K, 26% used [0x00000000e4880000,0x00000000e4a40000,0x00000000e4f00000)
  to   space 7168K, 0% used [0x00000000e4100000,0x00000000e4100000,0x00000000e4800000)
 ParOldGen       total 32768K, used 10433K [0x00000000a0000000, 0x00000000a2000000, 0x00000000e0000000)
  object space 32768K, 31% used [0x00000000a0000000,0x00000000a0a305a8,0x00000000a2000000)
 Metaspace       used 32053K, capacity 32642K, committed 33024K, reserved 1077248K
  class space    used 4407K, capacity 4550K, committed 4608K, reserved 1048576K
GC Heap History (10 events):
Event: 15.021 GC heap before
{Heap before GC invocations=9 (full 1):
 PSYoungGen      total 38912K, used 3440K [0x00000000e0000000, 0x00000000e2d00000, 0x0000000100000000)
  eden space 32768K, 0% used [0x00000000e0000000,0x00000000e0000000,0x00000000e2000000)
  from space 6144K, 56% used [0x00000000e2700000,0x00000000e2a5c2e8,0x00000000e2d00000)
  to   space 6656K, 0% used [0x00000000e2000000,0x00000000e2000000,0x00000000e2680000)
 ParOldGen       total 44032K, used 9120K [0x00000000a0000000, 0x00000000a2b00000, 0x00000000e0000000)
  object space 44032K, 20% used [0x00000000a0000000,0x00000000a08e8218,0x00000000a2b00000)
 Metaspace       used 20810K, capacity 21130K, committed 21296K, reserved 1067008K
  class space    used 2772K, capacity 2892K, committed 2944K, reserved 1048576K
Event: 15.135 GC heap after
Heap after GC invocations=9 (full 1):
 PSYoungGen      total 38912K, used 0K [0x00000000e0000000, 0x00000000e2d00000, 0x0000000100000000)
  eden space 32768K, 0% used [0x00000000e0000000,0x00000000e0000000,0x00000000e2000000)
  from space 6144K, 0% used [0x00000000e2700000,0x00000000e2700000,0x00000000e2d00000)
  to   space 6656K, 0% used [0x00000000e2000000,0x00000000e2000000,0x00000000e2680000)
 ParOldGen       total 32768K, used 7180K [0x00000000a0000000, 0x00000000a2000000, 0x00000000e0000000)
  object space 32768K, 21% used [0x00000000a0000000,0x00000000a0703140,0x00000000a2000000)
 Metaspace       used 20810K, capacity 21130K, committed 21296K, reserved 1067008K
  class space    used 2772K, capacity 2892K, committed 2944K, reserved 1048576K
}
Event: 17.131 GC heap before
{Heap before GC invocations=10 (full 1):
 PSYoungGen      total 38912K, used 32768K [0x00000000e0000000, 0x00000000e2d00000, 0x0000000100000000)
  eden space 32768K, 100% used [0x00000000e0000000,0x00000000e2000000,0x00000000e2000000)
  from space 6144K, 0% used [0x00000000e2700000,0x00000000e2700000,0x00000000e2d00000)
  to   space 6656K, 0% used [0x00000000e2000000,0x00000000e2000000,0x00000000e2680000)
 ParOldGen       total 32768K, used 7180K [0x00000000a0000000, 0x00000000a2000000, 0x00000000e0000000)
  object space 32768K, 21% used [0x00000000a0000000,0x00000000a0703140,0x00000000a2000000)
 Metaspace       used 23538K, capacity 24004K, committed 24192K, reserved 1071104K
  class space    used 3231K, capacity 3356K, committed 3456K, reserved 1048576K
Event: 17.137 GC heap after
Heap after GC invocations=10 (full 1):
 PSYoungGen      total 39424K, used 4466K [0x00000000e0000000, 0x00000000e3a00000, 0x0000000100000000)
  eden space 32768K, 0% used [0x00000000e0000000,0x00000000e0000000,0x00000000e2000000)
  from space 6656K, 67% used [0x00000000e2000000,0x00000000e245ca18,0x00000000e2680000)
  to   space 6656K, 0% used [0x00000000e3380000,0x00000000e3380000,0x00000000e3a00000)
 ParOldGen       total 32768K, used 7188K [0x00000000a0000000, 0x00000000a2000000, 0x00000000e0000000)
  object space 32768K, 21% used [0x00000000a0000000,0x00000000a0705140,0x00000000a2000000)
 Metaspace       used 23538K, capacity 24004K, committed 24192K, reserved 1071104K
  class space    used 3231K, capacity 3356K, committed 3456K, reserved 1048576K
}
Event: 18.395 GC heap before
{Heap before GC invocations=11 (full 1):
 PSYoungGen      total 39424K, used 37234K [0x00000000e0000000, 0x00000000e3a00000, 0x0000000100000000)
  eden space 32768K, 100% used [0x00000000e0000000,0x00000000e2000000,0x00000000e2000000)
  from space 6656K, 67% used [0x00000000e2000000,0x00000000e245ca18,0x00000000e2680000)
  to   space 6656K, 0% used [0x00000000e3380000,0x00000000e3380000,0x00000000e3a00000)
 ParOldGen       total 32768K, used 7188K [0x00000000a0000000, 0x00000000a2000000, 0x00000000e0000000)
  object space 32768K, 21% used [0x00000000a0000000,0x00000000a0705140,0x00000000a2000000)
 Metaspace       used 26089K, capacity 26560K, committed 26880K, reserved 1073152K
  class space    used 3660K, capacity 3778K, committed 3840K, reserved 1048576K
Event: 18.403 GC heap after
Heap after GC invocations=11 (full 1):
 PSYoungGen      total 51712K, used 5176K [0x00000000e0000000, 0x00000000e3980000, 0x0000000100000000)
  eden space 45568K, 0% used [0x00000000e0000000,0x00000000e0000000,0x00000000e2c80000)
  from space 6144K, 84% used [0x00000000e3380000,0x00000000e388e3a0,0x00000000e3980000)
  to   space 6656K, 0% used [0x00000000e2c80000,0x00000000e2c80000,0x00000000e3300000)
 ParOldGen       total 32768K, used 7188K [0x00000000a0000000, 0x00000000a2000000, 0x00000000e0000000)
  object space 32768K, 21% used [0x00000000a0000000,0x00000000a0705140,0x00000000a2000000)
 Metaspace       used 26089K, capacity 26560K, committed 26880K, reserved 1073152K
  class space    used 3660K, capacity 3778K, committed 3840K, reserved 1048576K
}
Event: 19.591 GC heap before
{Heap before GC invocations=12 (full 1):
 PSYoungGen      total 51712K, used 50744K [0x00000000e0000000, 0x00000000e3980000, 0x0000000100000000)
  eden space 45568K, 100% used [0x00000000e0000000,0x00000000e2c80000,0x00000000e2c80000)
  from space 6144K, 84% used [0x00000000e3380000,0x00000000e388e3a0,0x00000000e3980000)
  to   space 6656K, 0% used [0x00000000e2c80000,0x00000000e2c80000,0x00000000e3300000)
 ParOldGen       total 32768K, used 7188K [0x00000000a0000000, 0x00000000a2000000, 0x00000000e0000000)
  object space 32768K, 21% used [0x00000000a0000000,0x00000000a0705140,0x00000000a2000000)
 Metaspace       used 27976K, capacity 28440K, committed 28672K, reserved 1073152K
  class space    used 3898K, capacity 4038K, committed 4096K, reserved 1048576K
Event: 19.693 GC heap after
Heap after GC invocations=12 (full 1):
 PSYoungGen      total 52224K, used 2365K [0x00000000e0000000, 0x00000000e4f00000, 0x0000000100000000)
  eden space 45568K, 0% used [0x00000000e0000000,0x00000000e0000000,0x00000000e2c80000)
  from space 6656K, 35% used [0x00000000e2c80000,0x00000000e2ecf798,0x00000000e3300000)
  to   space 6656K, 0% used [0x00000000e4880000,0x00000000e4880000,0x00000000e4f00000)
 ParOldGen       total 32768K, used 9777K [0x00000000a0000000, 0x00000000a2000000, 0x00000000e0000000)
  object space 32768K, 29% used [0x00000000a0000000,0x00000000a098c580,0x00000000a2000000)
 Metaspace       used 27976K, capacity 28440K, committed 28672K, reserved 1073152K
  class space    used 3898K, capacity 4038K, committed 4096K, reserved 1048576K
}
Event: 24.387 GC heap before
{Heap before GC invocations=13 (full 1):
 PSYoungGen      total 52224K, used 47933K [0x00000000e0000000, 0x00000000e4f00000, 0x0000000100000000)
  eden space 45568K, 100% used [0x00000000e0000000,0x00000000e2c80000,0x00000000e2c80000)
  from space 6656K, 35% used [0x00000000e2c80000,0x00000000e2ecf798,0x00000000e3300000)
  to   space 6656K, 0% used [0x00000000e4880000,0x00000000e4880000,0x00000000e4f00000)
 ParOldGen       total 32768K, used 9777K [0x00000000a0000000, 0x00000000a2000000, 0x00000000e0000000)
  object space 32768K, 29% used [0x00000000a0000000,0x00000000a098c580,0x00000000a2000000)
 Metaspace       used 28620K, capacity 29102K, committed 29568K, reserved 1075200K
  class space    used 3953K, capacity 4108K, committed 4224K, reserved 1048576K
Event: 24.393 GC heap after
Heap after GC invocations=13 (full 1):
 PSYoungGen      total 73216K, used 1792K [0x00000000e0000000, 0x00000000e4f00000, 0x0000000100000000)
  eden space 66560K, 0% used [0x00000000e0000000,0x00000000e0000000,0x00000000e4100000)
  from space 6656K, 26% used [0x00000000e4880000,0x00000000e4a40000,0x00000000e4f00000)
  to   space 7168K, 0% used [0x00000000e4100000,0x00000000e4100000,0x00000000e4800000)
 ParOldGen       total 32768K, used 10433K [0x00000000a0000000, 0x00000000a2000000, 0x00000000e0000000)
  object space 32768K, 31% used [0x00000000a0000000,0x00000000a0a305a8,0x00000000a2000000)
 Metaspace       used 28620K, capacity 29102K, committed 29568K, reserved 1075200K
  class space    used 3953K, capacity 4108K, committed 4224K, reserved 1048576K
}

